[2022-06-02T08:30:43.343Z] Validating found git in: git
[2022-06-02T08:30:43.392Z] Using git 2.27.0 from git
[2022-06-02T08:30:43.446Z] > git rev-parse --show-toplevel [24ms]
[2022-06-02T08:30:43.469Z] > git rev-parse --git-dir --git-common-dir [4ms]
[2022-06-02T08:30:43.475Z] Open repository: /root/aktool
[2022-06-02T08:30:43.500Z] > git status -z -uall [17ms]
[2022-06-02T08:30:43.528Z] > git symbolic-ref --short HEAD [1ms]
[2022-06-02T08:30:43.535Z] > git for-each-ref --format=%(refname)%00%(upstream:short)%00%(objectname)%00%(upstream:track)%00%(upstream:remotename)%00%(upstream:remoteref) refs/heads/main refs/remotes/main [1ms]
[2022-06-02T08:30:43.547Z] > git for-each-ref --sort -committerdate --format %(refname) %(objectname) %(*objectname) [5ms]
[2022-06-02T08:30:43.547Z] > git remote --verbose [3ms]
[2022-06-02T08:30:43.575Z] > git config --get commit.template [4ms]
[2022-06-02T08:30:43.929Z] > git show --textconv :.gitignore [4ms]
[2022-06-02T08:30:43.930Z] > git ls-files --stage -- /root/aktool/.gitignore [2ms]
[2022-06-02T08:30:43.934Z] > git cat-file -s 5654688d2fbf438061f30c93b52841779de4f29c [1ms]
[2022-06-02T08:30:44.136Z] > git check-ignore -v -z --stdin [1ms]
[2022-06-02T08:30:52.653Z] > git check-ignore -v -z --stdin [2ms]
[2022-06-02T08:31:00.389Z] > git check-ignore -v -z --stdin [1ms]
[2022-06-02T08:31:02.466Z] > git check-ignore -v -z --stdin [2ms]
[2022-06-02T08:31:05.596Z] > git show --textconv :amazon_scraper/urls.py [4ms]
[2022-06-02T08:31:05.597Z] > git ls-files --stage -- /root/aktool/amazon_scraper/urls.py [2ms]
[2022-06-02T08:31:05.601Z] > git cat-file -s 5cfadcaa3f5f4efc5173be4f6371bcb55c828605 [2ms]
[2022-06-02T08:31:08.853Z] > git show --textconv :amazon_scraper/settings.py [3ms]
[2022-06-02T08:31:08.855Z] > git ls-files --stage -- /root/aktool/amazon_scraper/settings.py [2ms]
[2022-06-02T08:31:08.859Z] > git cat-file -s cee1e9b959b8ad3351f574e51f5d1fcadb967f9d [1ms]
[2022-06-02T08:31:44.166Z] > git show --textconv :amazon_scraper/urls.py [3ms]
[2022-06-02T08:31:44.167Z] > git ls-files --stage -- /root/aktool/amazon_scraper/urls.py [1ms]
[2022-06-02T08:31:44.171Z] > git cat-file -s 5cfadcaa3f5f4efc5173be4f6371bcb55c828605 [1ms]
[2022-06-02T08:32:10.663Z] > git check-ignore -v -z --stdin [1ms]
[2022-06-02T08:32:12.397Z] > git show --textconv :api/views.py [4ms]
[2022-06-02T08:32:12.398Z] > git ls-files --stage -- /root/aktool/api/views.py [2ms]
[2022-06-02T08:32:12.403Z] > git cat-file -s 1c18d72960d38d94cc67f491299854734356bffc [1ms]
[2022-06-02T08:34:55.205Z] > git show --textconv :api/urls.py [4ms]
[2022-06-02T08:34:55.206Z] > git ls-files --stage -- /root/aktool/api/urls.py [2ms]
[2022-06-02T08:34:55.210Z] > git cat-file -s 36712c42c3de6bcff5be1e3874227b58d9ddd79f [1ms]
[2022-06-02T08:35:07.838Z] > git show --textconv :amazon_scraper/urls.py [4ms]
[2022-06-02T08:35:07.840Z] > git ls-files --stage -- /root/aktool/amazon_scraper/urls.py [2ms]
[2022-06-02T08:35:07.844Z] > git cat-file -s 5cfadcaa3f5f4efc5173be4f6371bcb55c828605 [1ms]
[2022-06-02T08:36:40.585Z] > git show --textconv :amazon_scraper/settings.py [4ms]
[2022-06-02T08:36:40.586Z] > git ls-files --stage -- /root/aktool/amazon_scraper/settings.py [2ms]
[2022-06-02T08:36:40.589Z] > git cat-file -s cee1e9b959b8ad3351f574e51f5d1fcadb967f9d [1ms]
[2022-06-02T08:44:36.456Z] > git check-ignore -v -z --stdin [1ms]
[2022-06-02T08:44:37.809Z] > git check-ignore -v -z --stdin [1ms]
[2022-06-02T08:45:35.251Z] > git check-ignore -v -z --stdin [1ms]
[2022-06-02T08:48:41.213Z] > git check-ignore -v -z --stdin [2ms]
[2022-06-02T08:57:50.681Z] > git check-ignore -v -z --stdin [2ms]
[2022-06-02T08:58:30.132Z] > git check-ignore -v -z --stdin [1ms]
[2022-06-02T08:58:47.807Z] > git show --textconv :.env [3ms]
[2022-06-02T08:58:47.808Z] > git ls-files --stage -- /root/aktool/.env [1ms]
[2022-06-02T08:59:26.358Z] > git show --textconv :amazon_scraper/settings.py [4ms]
[2022-06-02T08:59:26.359Z] > git ls-files --stage -- /root/aktool/amazon_scraper/settings.py [2ms]
[2022-06-02T08:59:26.364Z] > git cat-file -s cee1e9b959b8ad3351f574e51f5d1fcadb967f9d [1ms]
[2022-06-02T09:04:25.555Z] > git show --textconv :.gitignore [5ms]
[2022-06-02T09:04:25.556Z] > git ls-files --stage -- /root/aktool/.gitignore [1ms]
[2022-06-02T09:04:25.560Z] > git cat-file -s 5654688d2fbf438061f30c93b52841779de4f29c [2ms]
