[2022-06-02T09:25:09.271Z] Validating found git in: git
[2022-06-02T09:25:09.303Z] Using git 2.27.0 from git
[2022-06-02T09:25:09.337Z] > git rev-parse --show-toplevel [23ms]
[2022-06-02T09:25:09.364Z] > git rev-parse --git-dir --git-common-dir [20ms]
[2022-06-02T09:25:09.371Z] Open repository: /root/tmp/aktool
[2022-06-02T09:25:09.382Z] > git status -z -uall [5ms]
[2022-06-02T09:25:09.387Z] > git symbolic-ref --short HEAD [1ms]
[2022-06-02T09:25:09.395Z] > git for-each-ref --format=%(refname)%00%(upstream:short)%00%(objectname)%00%(upstream:track)%00%(upstream:remotename)%00%(upstream:remoteref) refs/heads/main refs/remotes/main [4ms]
[2022-06-02T09:25:09.405Z] > git remote --verbose [1ms]
[2022-06-02T09:25:09.406Z] > git for-each-ref --sort -committerdate --format %(refname) %(objectname) %(*objectname) [7ms]
[2022-06-02T09:25:09.415Z] > git config --get commit.template [2ms]
[2022-06-02T09:25:10.060Z] > git check-ignore -v -z --stdin [2ms]
[2022-06-02T09:25:13.283Z] > git check-ignore -v -z --stdin [2ms]
[2022-06-02T09:25:15.619Z] > git check-ignore -v -z --stdin [2ms]
[2022-06-02T09:26:04.693Z] > git show --textconv :.gitignore [4ms]
[2022-06-02T09:26:04.694Z] > git ls-files --stage -- /root/tmp/aktool/.gitignore [2ms]
[2022-06-02T09:26:04.698Z] > git cat-file -s 5654688d2fbf438061f30c93b52841779de4f29c [1ms]
[2022-06-02T09:26:51.129Z] > git check-ignore -v -z --stdin [2ms]
[2022-06-02T09:26:51.446Z] > git status -z -uall [3ms]
[2022-06-02T09:26:51.451Z] > git symbolic-ref --short HEAD [2ms]
[2022-06-02T09:26:51.455Z] > git for-each-ref --format=%(refname)%00%(upstream:short)%00%(objectname)%00%(upstream:track)%00%(upstream:remotename)%00%(upstream:remoteref) refs/heads/main refs/remotes/main [2ms]
[2022-06-02T09:26:51.462Z] > git for-each-ref --sort -committerdate --format %(refname) %(objectname) %(*objectname) [4ms]
[2022-06-02T09:26:51.462Z] > git remote --verbose [1ms]
[2022-06-02T09:26:51.474Z] > git config --get commit.template [1ms]
