[2022-05-22T06:41:10.266Z] Validating found git in: git
[2022-05-22T06:41:10.298Z] Using git 2.27.0 from git
[2022-05-22T06:41:10.328Z] > git rev-parse --show-toplevel [20ms]
[2022-05-22T06:41:10.337Z] > git rev-parse --git-dir --git-common-dir [1ms]
[2022-05-22T06:41:10.344Z] Open repository: /root/aktool
[2022-05-22T06:41:10.356Z] > git status -z -uall [6ms]
[2022-05-22T06:41:10.362Z] > git symbolic-ref --short HEAD [2ms]
[2022-05-22T06:41:10.370Z] > git for-each-ref --format=%(refname)%00%(upstream:short)%00%(objectname)%00%(upstream:track)%00%(upstream:remotename)%00%(upstream:remoteref) refs/heads/master refs/remotes/master [3ms]
[2022-05-22T06:41:10.378Z] > git for-each-ref --sort -committerdate --format %(refname) %(objectname) %(*objectname) [4ms]
[2022-05-22T06:41:10.379Z] > git remote --verbose [2ms]
[2022-05-22T06:41:10.388Z] > git config --get commit.template [2ms]
[2022-05-22T06:41:10.902Z] > git check-ignore -v -z --stdin [2ms]
[2022-05-22T06:41:22.874Z] > git show --textconv :.env [12ms]
[2022-05-22T06:41:22.874Z] > git ls-files --stage -- /root/aktool/.env [0ms]
[2022-05-22T07:10:42.813Z] > git status -z -uall [3ms]
[2022-05-22T07:10:42.818Z] > git symbolic-ref --short HEAD [2ms]
[2022-05-22T07:10:42.822Z] > git for-each-ref --format=%(refname)%00%(upstream:short)%00%(objectname)%00%(upstream:track)%00%(upstream:remotename)%00%(upstream:remoteref) refs/heads/master refs/remotes/master [1ms]
[2022-05-22T07:10:42.829Z] > git for-each-ref --sort -committerdate --format %(refname) %(objectname) %(*objectname) [4ms]
[2022-05-22T07:10:42.829Z] > git remote --verbose [1ms]
[2022-05-22T07:10:42.836Z] > git config --get commit.template [1ms]
[2022-05-22T07:11:09.088Z] > git status -z -uall [5ms]
[2022-05-22T07:11:09.093Z] > git symbolic-ref --short HEAD [2ms]
[2022-05-22T07:11:09.098Z] > git for-each-ref --format=%(refname)%00%(upstream:short)%00%(objectname)%00%(upstream:track)%00%(upstream:remotename)%00%(upstream:remoteref) refs/heads/master refs/remotes/master [2ms]
[2022-05-22T07:11:09.104Z] > git for-each-ref --sort -committerdate --format %(refname) %(objectname) %(*objectname) [3ms]
[2022-05-22T07:11:09.105Z] > git remote --verbose [1ms]
[2022-05-22T07:11:09.111Z] > git config --get commit.template [1ms]
[2022-05-22T07:11:24.469Z] > git status -z -uall [2ms]
[2022-05-22T07:11:24.473Z] > git symbolic-ref --short HEAD [1ms]
[2022-05-22T07:11:24.478Z] > git for-each-ref --format=%(refname)%00%(upstream:short)%00%(objectname)%00%(upstream:track)%00%(upstream:remotename)%00%(upstream:remoteref) refs/heads/master refs/remotes/master [1ms]
[2022-05-22T07:11:24.484Z] > git for-each-ref --sort -committerdate --format %(refname) %(objectname) %(*objectname) [3ms]
[2022-05-22T07:11:24.484Z] > git remote --verbose [1ms]
[2022-05-22T07:11:24.490Z] > git config --get commit.template [1ms]
[2022-05-22T07:11:52.566Z] > git show --textconv :.env [4ms]
[2022-05-22T07:11:52.568Z] > git ls-files --stage -- /root/aktool/.env [2ms]
[2022-05-22T07:12:04.000Z] > git status -z -uall [2ms]
[2022-05-22T07:12:04.006Z] > git symbolic-ref --short HEAD [2ms]
[2022-05-22T07:12:04.010Z] > git for-each-ref --format=%(refname)%00%(upstream:short)%00%(objectname)%00%(upstream:track)%00%(upstream:remotename)%00%(upstream:remoteref) refs/heads/master refs/remotes/master [1ms]
[2022-05-22T07:12:04.017Z] > git for-each-ref --sort -committerdate --format %(refname) %(objectname) %(*objectname) [4ms]
[2022-05-22T07:12:04.018Z] > git remote --verbose [2ms]
[2022-05-22T07:12:04.023Z] > git config --get commit.template [1ms]
[2022-05-22T07:13:31.719Z] > git status -z -uall [2ms]
[2022-05-22T07:13:31.725Z] > git symbolic-ref --short HEAD [1ms]
[2022-05-22T07:13:31.730Z] > git for-each-ref --format=%(refname)%00%(upstream:short)%00%(objectname)%00%(upstream:track)%00%(upstream:remotename)%00%(upstream:remoteref) refs/heads/master refs/remotes/master [2ms]
[2022-05-22T07:13:31.736Z] > git for-each-ref --sort -committerdate --format %(refname) %(objectname) %(*objectname) [3ms]
[2022-05-22T07:13:31.737Z] > git remote --verbose [1ms]
[2022-05-22T07:13:31.743Z] > git config --get commit.template [1ms]
[2022-05-22T07:13:44.463Z] > git status -z -uall [2ms]
[2022-05-22T07:13:44.468Z] > git symbolic-ref --short HEAD [2ms]
[2022-05-22T07:13:44.472Z] > git for-each-ref --format=%(refname)%00%(upstream:short)%00%(objectname)%00%(upstream:track)%00%(upstream:remotename)%00%(upstream:remoteref) refs/heads/master refs/remotes/master [1ms]
[2022-05-22T07:13:44.479Z] > git for-each-ref --sort -committerdate --format %(refname) %(objectname) %(*objectname) [3ms]
[2022-05-22T07:13:44.480Z] > git remote --verbose [1ms]
[2022-05-22T07:13:44.486Z] > git config --get commit.template [1ms]
[2022-05-22T07:13:59.217Z] > git status -z -uall [3ms]
[2022-05-22T07:13:59.223Z] > git symbolic-ref --short HEAD [3ms]
[2022-05-22T07:13:59.228Z] > git for-each-ref --format=%(refname)%00%(upstream:short)%00%(objectname)%00%(upstream:track)%00%(upstream:remotename)%00%(upstream:remoteref) refs/heads/master refs/remotes/master [0ms]
[2022-05-22T07:13:59.234Z] > git for-each-ref --sort -committerdate --format %(refname) %(objectname) %(*objectname) [3ms]
[2022-05-22T07:13:59.235Z] > git remote --verbose [1ms]
[2022-05-22T07:13:59.242Z] > git config --get commit.template [3ms]
[2022-05-22T07:18:28.762Z] > git check-ignore -v -z --stdin [2ms]
[2022-05-22T07:18:33.411Z] > git show --textconv :main/apps.py [4ms]
[2022-05-22T07:18:33.412Z] > git ls-files --stage -- /root/aktool/main/apps.py [1ms]
[2022-05-22T07:18:33.416Z] > git cat-file -s 833bff671ade712d855d40ff4a8740f568c1a86d [1ms]
[2022-05-22T07:18:37.232Z] > git show --textconv :main/amazon_apis.py [4ms]
[2022-05-22T07:18:37.232Z] > git ls-files --stage -- /root/aktool/main/amazon_apis.py [1ms]
[2022-05-22T07:18:37.237Z] > git cat-file -s 1d10d5dbf42110b10b9851705eed5016f5631570 [2ms]
[2022-05-22T07:18:50.289Z] > git show --textconv :main/admin.py [5ms]
[2022-05-22T07:18:50.290Z] > git ls-files --stage -- /root/aktool/main/admin.py [2ms]
[2022-05-22T07:18:50.294Z] > git cat-file -s 2b917ce800160f7e1c7df30950f2f75a5777fa7a [1ms]
[2022-05-22T07:18:56.296Z] > git show --textconv :main/forms.py [4ms]
[2022-05-22T07:18:56.297Z] > git ls-files --stage -- /root/aktool/main/forms.py [1ms]
[2022-05-22T07:18:56.301Z] > git cat-file -s d5d2f612edd43d19ed53324303b2ab48c55f8922 [1ms]
[2022-05-22T07:19:17.979Z] > git show --textconv :main/views.py [3ms]
[2022-05-22T07:19:17.980Z] > git ls-files --stage -- /root/aktool/main/views.py [1ms]
[2022-05-22T07:19:17.984Z] > git cat-file -s 4cbfc0b607839267967cc4925799971152c887dc [1ms]
[2022-05-22T07:20:38.211Z] > git show --textconv :.env [3ms]
[2022-05-22T07:20:38.212Z] > git ls-files --stage -- /root/aktool/.env [1ms]
[2022-05-22T07:20:56.089Z] > git show --textconv :main/models.py [7ms]
[2022-05-22T07:20:56.089Z] > git ls-files --stage -- /root/aktool/main/models.py [0ms]
[2022-05-22T07:20:56.094Z] > git cat-file -s e82a214b23b1bc37501f8da00587959759ed7d08 [1ms]
[2022-05-22T07:27:13.515Z] > git rev-parse --show-toplevel [1ms]
[2022-05-22T07:27:13.515Z] fatal: not a git repository (or any of the parent directories): .git
[2022-05-22T11:12:29.968Z] > git show --textconv :.env [4ms]
[2022-05-22T11:12:29.969Z] > git ls-files --stage -- /root/aktool/.env [2ms]
[2022-05-22T11:47:17.388Z] > git rev-parse --show-toplevel [1ms]
[2022-05-22T11:47:17.388Z] fatal: not a git repository (or any of the parent directories): .git
[2022-05-22T11:48:00.703Z] > git check-ignore -v -z --stdin [1ms]
[2022-05-22T12:00:45.195Z] > git show --textconv :.env [4ms]
[2022-05-22T12:00:45.196Z] > git ls-files --stage -- /root/aktool/.env [2ms]
[2022-05-22T12:55:44.377Z] > git check-ignore -v -z --stdin [2ms]
[2022-05-22T12:55:46.438Z] > git show --textconv :amazon_scraper/settings.py [4ms]
[2022-05-22T12:55:46.439Z] > git ls-files --stage -- /root/aktool/amazon_scraper/settings.py [1ms]
[2022-05-22T12:55:46.444Z] > git cat-file -s cee1e9b959b8ad3351f574e51f5d1fcadb967f9d [2ms]
[2022-05-22T12:56:59.396Z] > git show --textconv :.env [7ms]
[2022-05-22T12:56:59.396Z] > git ls-files --stage -- /root/aktool/.env [1ms]
[2022-05-22T13:52:09.190Z] > git status -z -uall [4ms]
[2022-05-22T13:52:09.195Z] > git symbolic-ref --short HEAD [2ms]
[2022-05-22T13:52:09.200Z] > git for-each-ref --format=%(refname)%00%(upstream:short)%00%(objectname)%00%(upstream:track)%00%(upstream:remotename)%00%(upstream:remoteref) refs/heads/master refs/remotes/master [2ms]
[2022-05-22T13:52:09.208Z] > git remote --verbose [1ms]
[2022-05-22T13:52:09.208Z] > git for-each-ref --sort -committerdate --format %(refname) %(objectname) %(*objectname) [5ms]
[2022-05-22T13:52:09.214Z] > git config --get commit.template [1ms]
[2022-05-22T13:53:20.244Z] > git status -z -uall [2ms]
[2022-05-22T13:53:20.249Z] > git symbolic-ref --short HEAD [2ms]
[2022-05-22T13:53:20.253Z] > git for-each-ref --format=%(refname)%00%(upstream:short)%00%(objectname)%00%(upstream:track)%00%(upstream:remotename)%00%(upstream:remoteref) refs/heads/master refs/remotes/master [1ms]
[2022-05-22T13:53:20.259Z] > git for-each-ref --sort -committerdate --format %(refname) %(objectname) %(*objectname) [3ms]
[2022-05-22T13:53:20.261Z] > git remote --verbose [2ms]
[2022-05-22T13:53:20.266Z] > git config --get commit.template [1ms]
[2022-05-22T13:53:25.275Z] > git status -z -uall [2ms]
[2022-05-22T13:53:25.280Z] > git symbolic-ref --short HEAD [2ms]
[2022-05-22T13:53:25.285Z] > git for-each-ref --format=%(refname)%00%(upstream:short)%00%(objectname)%00%(upstream:track)%00%(upstream:remotename)%00%(upstream:remoteref) refs/heads/master refs/remotes/master [2ms]
[2022-05-22T13:53:25.292Z] > git remote --verbose [1ms]
[2022-05-22T13:53:25.292Z] > git for-each-ref --sort -committerdate --format %(refname) %(objectname) %(*objectname) [5ms]
[2022-05-22T13:53:25.298Z] > git config --get commit.template [1ms]
[2022-05-22T14:13:21.965Z] > git status -z -uall [3ms]
[2022-05-22T14:13:21.970Z] > git symbolic-ref --short HEAD [2ms]
[2022-05-22T14:13:21.975Z] > git for-each-ref --format=%(refname)%00%(upstream:short)%00%(objectname)%00%(upstream:track)%00%(upstream:remotename)%00%(upstream:remoteref) refs/heads/master refs/remotes/master [0ms]
[2022-05-22T14:13:21.981Z] > git for-each-ref --sort -committerdate --format %(refname) %(objectname) %(*objectname) [3ms]
[2022-05-22T14:13:21.982Z] > git remote --verbose [1ms]
[2022-05-22T14:13:21.988Z] > git config --get commit.template [0ms]
[2022-05-22T14:14:21.213Z] > git status -z -uall [2ms]
[2022-05-22T14:14:21.217Z] > git symbolic-ref --short HEAD [1ms]
[2022-05-22T14:14:21.222Z] > git for-each-ref --format=%(refname)%00%(upstream:short)%00%(objectname)%00%(upstream:track)%00%(upstream:remotename)%00%(upstream:remoteref) refs/heads/master refs/remotes/master [0ms]
[2022-05-22T14:14:21.228Z] > git for-each-ref --sort -committerdate --format %(refname) %(objectname) %(*objectname) [3ms]
[2022-05-22T14:14:21.229Z] > git remote --verbose [1ms]
[2022-05-22T14:14:21.234Z] > git config --get commit.template [1ms]
[2022-05-22T14:48:43.023Z] > git status -z -uall [2ms]
[2022-05-22T14:48:43.028Z] > git symbolic-ref --short HEAD [2ms]
[2022-05-22T14:48:43.032Z] > git for-each-ref --format=%(refname)%00%(upstream:short)%00%(objectname)%00%(upstream:track)%00%(upstream:remotename)%00%(upstream:remoteref) refs/heads/master refs/remotes/master [1ms]
[2022-05-22T14:48:43.039Z] > git for-each-ref --sort -committerdate --format %(refname) %(objectname) %(*objectname) [4ms]
[2022-05-22T14:48:43.039Z] > git remote --verbose [1ms]
[2022-05-22T14:48:43.045Z] > git config --get commit.template [1ms]
[2022-05-22T15:36:10.003Z] > git status -z -uall [2ms]
[2022-05-22T15:36:10.008Z] > git symbolic-ref --short HEAD [1ms]
[2022-05-22T15:36:10.012Z] > git for-each-ref --format=%(refname)%00%(upstream:short)%00%(objectname)%00%(upstream:track)%00%(upstream:remotename)%00%(upstream:remoteref) refs/heads/master refs/remotes/master [1ms]
[2022-05-22T15:36:10.020Z] > git for-each-ref --sort -committerdate --format %(refname) %(objectname) %(*objectname) [3ms]
[2022-05-22T15:36:10.021Z] > git remote --verbose [2ms]
[2022-05-22T15:36:10.026Z] > git config --get commit.template [1ms]
[2022-05-22T15:36:15.034Z] > git status -z -uall [3ms]
[2022-05-22T15:36:15.039Z] > git symbolic-ref --short HEAD [1ms]
[2022-05-22T15:36:15.045Z] > git for-each-ref --format=%(refname)%00%(upstream:short)%00%(objectname)%00%(upstream:track)%00%(upstream:remotename)%00%(upstream:remoteref) refs/heads/master refs/remotes/master [1ms]
[2022-05-22T15:36:15.053Z] > git remote --verbose [1ms]
[2022-05-22T15:36:15.053Z] > git for-each-ref --sort -committerdate --format %(refname) %(objectname) %(*objectname) [5ms]
[2022-05-22T15:36:15.059Z] > git config --get commit.template [1ms]
