[2022-06-02T01:56:55.822Z] Validating found git in: git
[2022-06-02T01:56:55.851Z] Using git 2.27.0 from git
[2022-06-02T01:56:55.861Z] > git rev-parse --show-toplevel [3ms]
[2022-06-02T01:56:55.884Z] > git rev-parse --git-dir --git-common-dir [16ms]
[2022-06-02T01:56:55.890Z] Open repository: /root/aktool
[2022-06-02T01:56:55.902Z] > git status -z -uall [6ms]
[2022-06-02T01:56:55.907Z] > git symbolic-ref --short HEAD [1ms]
[2022-06-02T01:56:55.912Z] > git for-each-ref --format=%(refname)%00%(upstream:short)%00%(objectname)%00%(upstream:track)%00%(upstream:remotename)%00%(upstream:remoteref) refs/heads/master refs/remotes/master [2ms]
[2022-06-02T01:56:55.919Z] > git for-each-ref --sort -committerdate --format %(refname) %(objectname) %(*objectname) [4ms]
[2022-06-02T01:56:55.919Z] > git remote --verbose [1ms]
[2022-06-02T01:56:55.927Z] > git config --get commit.template [2ms]
[2022-06-02T01:56:56.454Z] > git check-ignore -v -z --stdin [6ms]
[2022-06-02T01:57:00.244Z] > git check-ignore -v -z --stdin [1ms]
[2022-06-02T01:57:01.525Z] > git show --textconv :amazon_scraper/settings.py [6ms]
[2022-06-02T01:57:01.525Z] > git ls-files --stage -- /root/aktool/amazon_scraper/settings.py [1ms]
[2022-06-02T01:57:01.532Z] > git cat-file -s cee1e9b959b8ad3351f574e51f5d1fcadb967f9d [2ms]
[2022-06-02T01:57:36.955Z] > git show --textconv :.env [10ms]
[2022-06-02T01:57:36.956Z] > git ls-files --stage -- /root/aktool/.env [1ms]
[2022-06-02T01:58:25.159Z] > git show --textconv :amazon_scraper/settings.py [4ms]
[2022-06-02T01:58:25.160Z] > git ls-files --stage -- /root/aktool/amazon_scraper/settings.py [2ms]
[2022-06-02T01:58:25.164Z] > git cat-file -s cee1e9b959b8ad3351f574e51f5d1fcadb967f9d [2ms]
[2022-06-02T04:13:51.030Z] > git status -z -uall [3ms]
[2022-06-02T04:13:51.034Z] > git symbolic-ref --short HEAD [1ms]
[2022-06-02T04:13:51.039Z] > git for-each-ref --format=%(refname)%00%(upstream:short)%00%(objectname)%00%(upstream:track)%00%(upstream:remotename)%00%(upstream:remoteref) refs/heads/master refs/remotes/master [2ms]
[2022-06-02T04:13:51.045Z] > git for-each-ref --sort -committerdate --format %(refname) %(objectname) %(*objectname) [3ms]
[2022-06-02T04:13:51.046Z] > git remote --verbose [2ms]
[2022-06-02T04:13:51.052Z] > git config --get commit.template [1ms]
[2022-06-02T04:21:03.192Z] > git status -z -uall [1ms]
[2022-06-02T04:21:03.198Z] > git symbolic-ref --short HEAD [1ms]
[2022-06-02T04:21:03.205Z] > git for-each-ref --format=%(refname)%00%(upstream:short)%00%(objectname)%00%(upstream:track)%00%(upstream:remotename)%00%(upstream:remoteref) refs/heads/master refs/remotes/master [1ms]
[2022-06-02T04:21:03.217Z] > git remote --verbose [1ms]
[2022-06-02T04:21:03.217Z] > git for-each-ref --sort -committerdate --format %(refname) %(objectname) %(*objectname) [6ms]
[2022-06-02T04:21:03.227Z] > git config --get commit.template [1ms]
[2022-06-02T04:21:03.467Z] > git check-ignore -v -z --stdin [1ms]
[2022-06-02T04:21:11.786Z] > git status -z -uall [2ms]
[2022-06-02T04:21:11.791Z] > git symbolic-ref --short HEAD [1ms]
[2022-06-02T04:21:11.795Z] > git for-each-ref --format=%(refname)%00%(upstream:short)%00%(objectname)%00%(upstream:track)%00%(upstream:remotename)%00%(upstream:remoteref) refs/heads/master refs/remotes/master [1ms]
[2022-06-02T04:21:11.801Z] > git for-each-ref --sort -committerdate --format %(refname) %(objectname) %(*objectname) [3ms]
[2022-06-02T04:21:11.802Z] > git remote --verbose [1ms]
[2022-06-02T04:21:11.807Z] > git config --get commit.template [1ms]
[2022-06-02T04:21:12.492Z] > git show --textconv :.gitignore [4ms]
[2022-06-02T04:21:12.492Z] > git ls-files --stage -- /root/aktool/.gitignore [1ms]
[2022-06-02T04:21:12.497Z] > git cat-file -s 5654688d2fbf438061f30c93b52841779de4f29c [2ms]
[2022-06-02T04:21:39.794Z] > git status -z -uall [2ms]
[2022-06-02T04:21:39.799Z] > git symbolic-ref --short HEAD [2ms]
[2022-06-02T04:21:39.803Z] > git for-each-ref --format=%(refname)%00%(upstream:short)%00%(objectname)%00%(upstream:track)%00%(upstream:remotename)%00%(upstream:remoteref) refs/heads/master refs/remotes/master [1ms]
[2022-06-02T04:21:39.811Z] > git for-each-ref --sort -committerdate --format %(refname) %(objectname) %(*objectname) [4ms]
[2022-06-02T04:21:39.811Z] > git remote --verbose [1ms]
[2022-06-02T04:21:39.817Z] > git config --get commit.template [1ms]
[2022-06-02T04:21:39.948Z] > git ls-files --stage -- /root/aktool/.gitignore [2ms]
[2022-06-02T04:21:39.952Z] > git cat-file -s 5654688d2fbf438061f30c93b52841779de4f29c [1ms]
[2022-06-02T04:21:40.008Z] > git show --textconv :.gitignore [2ms]
[2022-06-02T04:21:45.471Z] > git status -z -uall [0ms]
[2022-06-02T04:21:45.476Z] > git symbolic-ref --short HEAD [1ms]
[2022-06-02T04:21:45.482Z] > git for-each-ref --format=%(refname)%00%(upstream:short)%00%(objectname)%00%(upstream:track)%00%(upstream:remotename)%00%(upstream:remoteref) refs/heads/master refs/remotes/master [2ms]
[2022-06-02T04:21:45.491Z] > git remote --verbose [1ms]
[2022-06-02T04:21:45.492Z] > git for-each-ref --sort -committerdate --format %(refname) %(objectname) %(*objectname) [6ms]
[2022-06-02T04:21:45.498Z] > git config --get commit.template [0ms]
[2022-06-02T04:21:45.631Z] > git ls-files --stage -- /root/aktool/.gitignore [0ms]
[2022-06-02T04:21:45.635Z] > git cat-file -s 5654688d2fbf438061f30c93b52841779de4f29c [0ms]
[2022-06-02T04:21:45.697Z] > git show --textconv :.gitignore [0ms]
[2022-06-02T04:21:56.269Z] > git status -z -uall [2ms]
[2022-06-02T04:21:56.274Z] > git symbolic-ref --short HEAD [2ms]
[2022-06-02T04:21:56.278Z] > git for-each-ref --format=%(refname)%00%(upstream:short)%00%(objectname)%00%(upstream:track)%00%(upstream:remotename)%00%(upstream:remoteref) refs/heads/main refs/remotes/main [1ms]
[2022-06-02T04:21:56.284Z] > git for-each-ref --sort -committerdate --format %(refname) %(objectname) %(*objectname) [3ms]
[2022-06-02T04:21:56.285Z] > git remote --verbose [1ms]
[2022-06-02T04:21:56.291Z] > git config --get commit.template [1ms]
[2022-06-02T04:21:56.425Z] > git ls-files --stage -- /root/aktool/.gitignore [1ms]
[2022-06-02T04:21:56.430Z] > git cat-file -s 5654688d2fbf438061f30c93b52841779de4f29c [1ms]
[2022-06-02T04:21:56.496Z] > git show --textconv :.gitignore [2ms]
[2022-06-02T04:59:05.754Z] > git status -z -uall [2ms]
[2022-06-02T04:59:05.759Z] > git symbolic-ref --short HEAD [1ms]
[2022-06-02T04:59:05.764Z] > git for-each-ref --format=%(refname)%00%(upstream:short)%00%(objectname)%00%(upstream:track)%00%(upstream:remotename)%00%(upstream:remoteref) refs/heads/main refs/remotes/main [1ms]
[2022-06-02T04:59:05.771Z] > git for-each-ref --sort -committerdate --format %(refname) %(objectname) %(*objectname) [4ms]
[2022-06-02T04:59:05.772Z] > git remote --verbose [2ms]
[2022-06-02T04:59:05.779Z] > git config --get commit.template [1ms]
[2022-06-02T04:59:05.810Z] > git ls-files --stage -- /root/aktool/.gitignore [1ms]
[2022-06-02T04:59:05.815Z] > git cat-file -s 5654688d2fbf438061f30c93b52841779de4f29c [1ms]
[2022-06-02T04:59:05.876Z] > git show --textconv :.gitignore [2ms]
[2022-06-02T04:59:10.787Z] > git status -z -uall [2ms]
[2022-06-02T04:59:10.793Z] > git symbolic-ref --short HEAD [2ms]
[2022-06-02T04:59:10.798Z] > git for-each-ref --format=%(refname)%00%(upstream:short)%00%(objectname)%00%(upstream:track)%00%(upstream:remotename)%00%(upstream:remoteref) refs/heads/main refs/remotes/main [2ms]
[2022-06-02T04:59:10.805Z] > git for-each-ref --sort -committerdate --format %(refname) %(objectname) %(*objectname) [3ms]
[2022-06-02T04:59:10.805Z] > git remote --verbose [1ms]
[2022-06-02T04:59:10.813Z] > git config --get commit.template [1ms]
