[2022-05-24T12:26:14.822Z] Validating found git in: git
[2022-05-24T12:26:14.855Z] Using git 2.27.0 from git
[2022-05-24T12:26:14.890Z] > git rev-parse --show-toplevel [26ms]
[2022-05-24T12:26:14.903Z] > git rev-parse --git-dir --git-common-dir [5ms]
[2022-05-24T12:26:14.910Z] Open repository: /root/aktool
[2022-05-24T12:26:14.939Z] > git status -z -uall [22ms]
[2022-05-24T12:26:14.947Z] > git symbolic-ref --short HEAD [2ms]
[2022-05-24T12:26:14.955Z] > git for-each-ref --format=%(refname)%00%(upstream:short)%00%(objectname)%00%(upstream:track)%00%(upstream:remotename)%00%(upstream:remoteref) refs/heads/master refs/remotes/master [3ms]
[2022-05-24T12:26:14.967Z] > git remote --verbose [2ms]
[2022-05-24T12:26:14.967Z] > git for-each-ref --sort -committerdate --format %(refname) %(objectname) %(*objectname) [7ms]
[2022-05-24T12:26:14.978Z] > git config --get commit.template [2ms]
[2022-05-24T12:26:15.425Z] > git show --textconv :.env [7ms]
[2022-05-24T12:26:15.425Z] > git ls-files --stage -- /root/aktool/.env [1ms]
[2022-05-24T12:26:15.540Z] > git check-ignore -v -z --stdin [1ms]
[2022-05-24T12:26:25.183Z] > git check-ignore -v -z --stdin [1ms]
[2022-05-24T12:26:28.188Z] > git ls-files --stage -- /root/aktool/manage.py [1ms]
[2022-05-24T12:26:28.195Z] > git show --textconv :manage.py [20ms]
[2022-05-24T12:26:28.195Z] > git cat-file -s 46bc44743b81bbe5d8e43718ef7062472f596ce5 [1ms]
[2022-05-24T12:26:32.315Z] > git show --textconv :.env [5ms]
[2022-05-24T12:26:32.315Z] > git ls-files --stage -- /root/aktool/.env [0ms]
[2022-05-24T12:26:37.996Z] > git check-ignore -v -z --stdin [2ms]
[2022-05-24T12:26:39.294Z] > git show --textconv :amazon_scraper/settings.py [7ms]
[2022-05-24T12:26:39.294Z] > git ls-files --stage -- /root/aktool/amazon_scraper/settings.py [1ms]
[2022-05-24T12:26:39.301Z] > git cat-file -s cee1e9b959b8ad3351f574e51f5d1fcadb967f9d [1ms]
[2022-05-24T12:26:42.599Z] > git show --textconv :amazon_scraper/wsgi.py [3ms]
[2022-05-24T12:26:42.601Z] > git ls-files --stage -- /root/aktool/amazon_scraper/wsgi.py [2ms]
[2022-05-24T12:26:42.605Z] > git cat-file -s d19dfcb2320307ec9dd76ad7eb42533b2a849ac4 [1ms]
[2022-05-24T12:26:49.024Z] > git rev-parse --show-toplevel [2ms]
[2022-05-24T12:26:49.024Z] fatal: not a git repository (or any of the parent directories): .git
